<?xml version="1.0" encoding="UTF-8"?>
<testng-results skipped="0" failed="0" ignored="0" total="1" passed="1">
  <reporter-output>
  </reporter-output>
  <suite name="Default suite" duration-ms="16403" started-at="2019-11-12T06:51:47Z" finished-at="2019-11-12T06:52:03Z">
    <groups>
    </groups>
    <test name="Default test" duration-ms="16403" started-at="2019-11-12T06:51:47Z" finished-at="2019-11-12T06:52:03Z">
      <class name="demo.GoogleDemo">
        <test-method status="PASS" signature="f()[pri:0, instance:demo.GoogleDemo@4678c730]" name="f" duration-ms="16311" started-at="2019-11-12T06:51:47Z" finished-at="2019-11-12T06:52:03Z">
          <reporter-output>
          </reporter-output>
        </test-method> <!-- f -->
      </class> <!-- demo.GoogleDemo -->
    </test> <!-- Default test -->
  </suite> <!-- Default suite -->
</testng-results>
